<?xml version="1.0" encoding="UTF-8"?>
<!-- Generated by org.testng.reporters.JUnitXMLReporter -->
<testsuite hostname="MUUWDP016" ignored="0" name="Free CRM Test Cases" tests="10" failures="1" timestamp="08 Aug 2019 16:34:26 GMT" time="237.319" errors="0">
  <testcase name="loginPageTitleTest" time="0.029" classname="com.crm.qa.testcases.LoginPageTest"/>
  <testcase name="verifyContactsPageLabel" time="0.032" classname="com.crm.qa.testcases.ContactsPageTest"/>
  <testcase name="crmLogoImageTest" time="0.037" classname="com.crm.qa.testcases.LoginPageTest"/>
  <testcase name="selectContactsTest" time="0.096" classname="com.crm.qa.testcases.ContactsPageTest"/>
  <testcase name="loginTest" time="4.583" classname="com.crm.qa.testcases.LoginPageTest"/>
  <testcase name="verifyContactsLinkTest" time="1.26" classname="com.crm.qa.testcases.HomePageTest"/>
  <testcase name="validateCreateNewContactTest" time="4.108" classname="com.crm.qa.testcases.ContactsPageTest"/>
  <testcase name="validateCreateNewContactMultipleTest" time="4.241" classname="com.crm.qa.testcases.ContactsPageTest"/>
  <testcase name="validateCreateNewContactMultipleTest" time="12.016" classname="com.crm.qa.testcases.ContactsPageTest">
    <failure type="org.openqa.selenium.NoSuchElementException" message="Cannot locate element with text: Drr.
For documentation on this error, please visit: http://seleniumhq.org/exceptions/no_such_element.html
Build info: version: &amp;apos;3.14.0&amp;apos;, revision: &amp;apos;aacccce0&amp;apos;, time: &amp;apos;2018-08-02T20:19:58.91Z&amp;apos;
System info: host: &amp;apos;MUUWDP016&amp;apos;, ip: &amp;apos;10.22.121.206&amp;apos;, os.name: &amp;apos;Windows 10&amp;apos;, os.arch: &amp;apos;amd64&amp;apos;, os.version: &amp;apos;10.0&amp;apos;, java.version: &amp;apos;1.8.0_201&amp;apos;
Driver info: driver.version: unknown">
      <![CDATA[org.openqa.selenium.NoSuchElementException: Cannot locate element with text: Drr.
For documentation on this error, please visit: http://seleniumhq.org/exceptions/no_such_element.html
Build info: version: '3.14.0', revision: 'aacccce0', time: '2018-08-02T20:19:58.91Z'
System info: host: 'MUUWDP016', ip: '10.22.121.206', os.name: 'Windows 10', os.arch: 'amd64', os.version: '10.0', java.version: '1.8.0_201'
Driver info: driver.version: unknown
at org.openqa.selenium.support.ui.Select.selectByVisibleText(Select.java:151)
at com.crm.qa.pages.ContactsPage.createNewContact(ContactsPage.java:45)
at com.crm.qa.testcases.ContactsPageTest.validateCreateNewContactMultipleTest(ContactsPageTest.java:66)
... Removed 25 stack frames]]>
    </failure>
  </testcase> <!-- validateCreateNewContactMultipleTest -->
  <testcase name="validateCreateNewContactMultipleTest" time="4.225" classname="com.crm.qa.testcases.ContactsPageTest"/>
</testsuite> <!-- Free CRM Test Cases -->
